Arguments: 
  /usr/local/bin/node /usr/local/Cellar/yarn/1.5.1_1/libexec/bin/yarn.js run build

PATH: 
  /usr/local/bin:/usr/bin:/bin:/usr/sbin:/sbin

Yarn version: 
  1.5.1

Node version: 
  8.9.3

Platform: 
  darwin x64

npm manifest: 
  {
    "name": "webpacks",
    "version": "1.0.0",
    "description": "study webpack",
    "main": "index.js",
    "dependencies": {},
    "devDependencies": {
      "clean-webpack-plugin": "^0.1.19",
      "css-loader": "^0.28.11",
      "html-webpack-plugin": "^3.2.0",
      "lodash": "^4.17.10",
      "style-loader": "^0.21.0",
      "webpack": "^4.8.3",
      "webpack-cli": "^2.1.3"
    },
    "scripts": {
      "test": "echo \"Error: no test specified\" && exit 1",
      "build": "webpack"
    },
    "repository": {
      "type": "git",
      "url": "git+https://github.com/AngeLeeGeek/webpacks.git"
    },
    "keywords": [
      "webpack",
      "vue",
      "study"
    ],
    "author": "Ange",
    "license": "ISC",
    "bugs": {
      "url": "https://github.com/AngeLeeGeek/webpacks/issues"
    },
    "homepage": "https://github.com/AngeLeeGeek/webpacks#readme"
  }

yarn manifest: 
  No manifest

Lockfile: 
  No lockfile

Trace: 
  Error: Command failed.
  Exit code: 1
  Command: sh
  Arguments: -c webpack
  Directory: /Users/didi/ahui/webpacks
  Output:
  
      at ProcessTermError.MessageError (/usr/local/Cellar/yarn/1.5.1_1/libexec/lib/cli.js:186:110)
      at new ProcessTermError (/usr/local/Cellar/yarn/1.5.1_1/libexec/lib/cli.js:226:113)
      at ChildProcess.<anonymous> (/usr/local/Cellar/yarn/1.5.1_1/libexec/lib/cli.js:30281:17)
      at emitTwo (events.js:126:13)
      at ChildProcess.emit (events.js:214:7)
      at maybeClose (internal/child_process.js:925:16)
      at Process.ChildProcess._handle.onexit (internal/child_process.js:209:5)
